<?xml version="1.0" encoding="UTF-8"?>
<!-- Generated by org.testng.reporters.JUnitXMLReporter -->
<testsuite ignored="2" hostname="Skuads-MacBook-Pro.local" failures="0" tests="2" name="Test" time="16.619" errors="0" timestamp="2025-04-13T20:11:38 IST">
  <testcase classname="com.lambdaTestHackathon.TestCases.LoginPageTest" name="loginTest" time="2.446"/>
  <testcase classname="com.lambdaTestHackathon.TestCases.LoginPageTest" name="loginTestwithInvalidCredentials" time="3.011"/>
  <testcase classname="com.lambdaTestHackathon.base.BaseClass" name="@AfterTest afterSuite" time="0.0">
    <ignored/>
  </testcase> <!-- @AfterTest afterSuite -->
  <testcase classname="com.lambdaTestHackathon.base.BaseClass" name="@BeforeTest loadConfig" time="0.0">
    <ignored/>
  </testcase> <!-- @BeforeTest loadConfig -->
</testsuite> <!-- Test -->
