<?xml version="1.0" encoding="UTF-8"?>
<!-- Generated by org.testng.reporters.JUnitXMLReporter -->
<testsuite ignored="2" hostname="Skuads-MacBook-Pro.local" failures="0" tests="1" name="Test Alerts" time="9.972" errors="0" timestamp="2025-04-13T20:11:53 IST">
  <testcase classname="com.lambdaTestHackathon.TestCases.AlertPageTest" name="AlertHandlding" time="4.915"/>
  <testcase classname="com.lambdaTestHackathon.base.BaseClass" name="@BeforeTest loadConfig" time="0.0">
    <ignored/>
  </testcase> <!-- @BeforeTest loadConfig -->
  <testcase classname="com.lambdaTestHackathon.base.BaseClass" name="@AfterTest afterSuite" time="0.0">
    <ignored/>
  </testcase> <!-- @AfterTest afterSuite -->
</testsuite> <!-- Test Alerts -->
