<?xml version="1.0" encoding="UTF-8"?>
<!-- Generated by org.testng.reporters.JUnitXMLReporter -->
<testsuite ignored="0" hostname="Skuads-MacBook-Pro.local" failures="0" tests="2" name="ChromeTest" time="17.733" errors="0" timestamp="2025-04-13T15:14:49 IST">
  <testcase classname="com.lambdaTestHackathon.TestCases.LoginPageTest" name="@BeforeMethod setup" time="3.988">
    <failure type="java.lang.NoSuchMethodError" message="&amp;apos;org.apache.commons.compress.archivers.tar.TarArchiveEntry org.apache.commons.compress.archivers.tar.TarArchiveInputStream.getNextEntry()&amp;apos;">
      <![CDATA[java.lang.NoSuchMethodError: 'org.apache.commons.compress.archivers.tar.TarArchiveEntry org.apache.commons.compress.archivers.tar.TarArchiveInputStream.getNextEntry()'
at io.github.bonigarcia.wdm.online.Downloader.unTarGz(Downloader.java:281)
at io.github.bonigarcia.wdm.online.Downloader.extract(Downloader.java:193)
at io.github.bonigarcia.wdm.online.Downloader.downloadAndExtract(Downloader.java:140)
at io.github.bonigarcia.wdm.online.Downloader.download(Downloader.java:92)
at io.github.bonigarcia.wdm.WebDriverManager.download(WebDriverManager.java:1277)
at io.github.bonigarcia.wdm.WebDriverManager.manage(WebDriverManager.java:1178)
at io.github.bonigarcia.wdm.WebDriverManager.setup(WebDriverManager.java:428)
at com.lambdaTestHackathon.base.BaseClass.launchApp(BaseClass.java:71)
at com.lambdaTestHackathon.TestCases.LoginPageTest.setup(LoginPageTest.java:26)
at java.base/java.util.ArrayList.forEach(ArrayList.java:1511)
at java.base/java.util.concurrent.FutureTask.run(FutureTask.java:264)
at java.base/java.util.concurrent.ThreadPoolExecutor.runWorker(ThreadPoolExecutor.java:1136)
at java.base/java.util.concurrent.ThreadPoolExecutor$Worker.run(ThreadPoolExecutor.java:635)
at java.base/java.lang.Thread.run(Thread.java:833)
... Removed 21 stack frames]]>
    </failure>
  </testcase> <!-- @BeforeMethod setup -->
  <testcase classname="com.lambdaTestHackathon.TestCases.LoginPageTest" name="@AfterMethod tearDown" time="0.0">
    <skipped/>
  </testcase> <!-- @AfterMethod tearDown -->
  <testcase classname="com.lambdaTestHackathon.TestCases.LoginPageTest" name="@BeforeMethod setup" time="0.0">
    <skipped/>
  </testcase> <!-- @BeforeMethod setup -->
  <testcase classname="com.lambdaTestHackathon.TestCases.LoginPageTest" name="@AfterMethod tearDown" time="0.0">
    <skipped/>
  </testcase> <!-- @AfterMethod tearDown -->
  <testcase classname="com.lambdaTestHackathon.base.BaseClass" name="@AfterTest afterSuite" time="0.0">
    <skipped/>
  </testcase> <!-- @AfterTest afterSuite -->
  <testcase classname="com.lambdaTestHackathon.TestCases.LoginPageTest" name="loginTest" time="3.004"/>
  <testcase classname="com.lambdaTestHackathon.TestCases.LoginPageTest" name="loginTestwithInvalidCredentials" time="3.022"/>
</testsuite> <!-- ChromeTest -->
