<?xml version="1.0" encoding="UTF-8"?>
<!-- Generated by org.testng.reporters.JUnitXMLReporter -->
<testsuite ignored="0" hostname="Skuads-MacBook-Pro.local" failures="0" tests="2" name="FirefoxTest" time="4.23" errors="0" timestamp="2025-04-13T15:14:36 IST">
  <testcase classname="com.lambdaTestHackathon.TestCases.LoginPageTest" name="loginTest" time="0.0">
    <skipped/>
  </testcase> <!-- loginTest -->
  <testcase classname="com.lambdaTestHackathon.TestCases.LoginPageTest" name="loginTestwithInvalidCredentials" time="0.0">
    <skipped/>
  </testcase> <!-- loginTestwithInvalidCredentials -->
</testsuite> <!-- FirefoxTest -->
