<?xml version="1.0" encoding="UTF-8"?>
<!-- Generated by org.testng.reporters.JUnitXMLReporter -->
<testsuite ignored="0" hostname="Skuads-MacBook-Pro.local" failures="0" tests="2" name="Test" time="18.341" errors="0" timestamp="2025-04-13T20:27:55 IST">
  <testcase classname="com.lambdaTestHackathon.TestCases.LoginPageTest" name="loginTest" time="3.249"/>
  <testcase classname="com.lambdaTestHackathon.TestCases.LoginPageTest" name="loginTestwithInvalidCredentials" time="3.187"/>
</testsuite> <!-- Test -->
