<?xml version="1.0" encoding="UTF-8"?>
<testng-results ignored="0" total="3" passed="3" failed="0" skipped="0">
  <reporter-output>
  </reporter-output>
  <suite started-at="2025-04-13T20:27:36 IST" name="ParallelSuite" finished-at="2025-04-13T20:27:55 IST" duration-ms="18341">
    <groups>
    </groups>
    <test started-at="2025-04-13T20:27:36 IST" name="Test Alerts" finished-at="2025-04-13T20:27:48 IST" duration-ms="11828">
      <class name="com.lambdaTestHackathon.TestCases.AlertPageTest">
        <test-method is-config="true" signature="loadConfig()[pri:0, instance:com.lambdaTestHackathon.TestCases.AlertPageTest@25be7b63]" started-at="2025-04-13T20:27:36 IST" name="loadConfig" finished-at="2025-04-13T20:27:37 IST" duration-ms="206" status="PASS">
          <reporter-output>
          </reporter-output>
        </test-method> <!-- loadConfig -->
        <test-method is-config="true" signature="setup(java.lang.String,java.lang.String)[pri:0, instance:com.lambdaTestHackathon.TestCases.AlertPageTest@25be7b63]" started-at="2025-04-13T20:27:37 IST" name="setup" finished-at="2025-04-13T20:27:43 IST" duration-ms="6066" status="PASS">
          <params>
            <param index="0">
              <value>
                <![CDATA[Chrome]]>
              </value>
            </param>
            <param index="1">
              <value>
                <![CDATA[https://the-internet.herokuapp.com/javascript_alerts]]>
              </value>
            </param>
          </params>
          <reporter-output>
          </reporter-output>
        </test-method> <!-- setup -->
        <test-method signature="AlertHandlding()[pri:0, instance:com.lambdaTestHackathon.TestCases.AlertPageTest@25be7b63]" started-at="2025-04-13T20:27:43 IST" name="AlertHandlding" finished-at="2025-04-13T20:27:48 IST" duration-ms="5319" status="PASS">
          <reporter-output>
          </reporter-output>
        </test-method> <!-- AlertHandlding -->
        <test-method is-config="true" signature="tearDown()[pri:0, instance:com.lambdaTestHackathon.TestCases.AlertPageTest@25be7b63]" started-at="2025-04-13T20:27:48 IST" name="tearDown" finished-at="2025-04-13T20:27:48 IST" duration-ms="198" status="PASS">
          <reporter-output>
          </reporter-output>
        </test-method> <!-- tearDown -->
        <test-method is-config="true" signature="afterSuite()[pri:0, instance:com.lambdaTestHackathon.TestCases.AlertPageTest@25be7b63]" started-at="2025-04-13T20:27:48 IST" name="afterSuite" finished-at="2025-04-13T20:27:48 IST" duration-ms="3" status="PASS">
          <reporter-output>
          </reporter-output>
        </test-method> <!-- afterSuite -->
      </class> <!-- com.lambdaTestHackathon.TestCases.AlertPageTest -->
    </test> <!-- Test Alerts -->
    <test started-at="2025-04-13T20:27:36 IST" name="Test" finished-at="2025-04-13T20:27:55 IST" duration-ms="18341">
      <class name="com.lambdaTestHackathon.TestCases.LoginPageTest">
        <test-method is-config="true" signature="loadConfig()[pri:0, instance:com.lambdaTestHackathon.TestCases.LoginPageTest@8519cb4]" started-at="2025-04-13T20:27:36 IST" name="loadConfig" finished-at="2025-04-13T20:27:37 IST" duration-ms="209" status="PASS">
          <reporter-output>
          </reporter-output>
        </test-method> <!-- loadConfig -->
        <test-method is-config="true" signature="setup(java.lang.String,java.lang.String)[pri:0, instance:com.lambdaTestHackathon.TestCases.LoginPageTest@8519cb4]" started-at="2025-04-13T20:27:37 IST" name="setup" finished-at="2025-04-13T20:27:43 IST" duration-ms="6308" status="PASS">
          <params>
            <param index="0">
              <value>
                <![CDATA[Chrome]]>
              </value>
            </param>
            <param index="1">
              <value>
                <![CDATA[https://the-internet.herokuapp.com/login]]>
              </value>
            </param>
          </params>
          <reporter-output>
          </reporter-output>
        </test-method> <!-- setup -->
        <test-method signature="loginTest()[pri:0, instance:com.lambdaTestHackathon.TestCases.LoginPageTest@8519cb4]" started-at="2025-04-13T20:27:43 IST" name="loginTest" finished-at="2025-04-13T20:27:46 IST" duration-ms="3249" status="PASS">
          <reporter-output>
          </reporter-output>
        </test-method> <!-- loginTest -->
        <test-method is-config="true" signature="tearDown()[pri:0, instance:com.lambdaTestHackathon.TestCases.LoginPageTest@8519cb4]" started-at="2025-04-13T20:27:46 IST" name="tearDown" finished-at="2025-04-13T20:27:46 IST" duration-ms="177" status="PASS">
          <reporter-output>
          </reporter-output>
        </test-method> <!-- tearDown -->
        <test-method is-config="true" signature="setup(java.lang.String,java.lang.String)[pri:0, instance:com.lambdaTestHackathon.TestCases.LoginPageTest@8519cb4]" started-at="2025-04-13T20:27:46 IST" name="setup" finished-at="2025-04-13T20:27:51 IST" duration-ms="4979" status="PASS">
          <params>
            <param index="0">
              <value>
                <![CDATA[Chrome]]>
              </value>
            </param>
            <param index="1">
              <value>
                <![CDATA[https://the-internet.herokuapp.com/login]]>
              </value>
            </param>
          </params>
          <reporter-output>
          </reporter-output>
        </test-method> <!-- setup -->
        <test-method signature="loginTestwithInvalidCredentials()[pri:0, instance:com.lambdaTestHackathon.TestCases.LoginPageTest@8519cb4]" started-at="2025-04-13T20:27:51 IST" name="loginTestwithInvalidCredentials" finished-at="2025-04-13T20:27:55 IST" duration-ms="3187" status="PASS">
          <reporter-output>
          </reporter-output>
        </test-method> <!-- loginTestwithInvalidCredentials -->
        <test-method is-config="true" signature="tearDown()[pri:0, instance:com.lambdaTestHackathon.TestCases.LoginPageTest@8519cb4]" started-at="2025-04-13T20:27:55 IST" name="tearDown" finished-at="2025-04-13T20:27:55 IST" duration-ms="198" status="PASS">
          <reporter-output>
          </reporter-output>
        </test-method> <!-- tearDown -->
        <test-method is-config="true" signature="afterSuite()[pri:0, instance:com.lambdaTestHackathon.TestCases.LoginPageTest@8519cb4]" started-at="2025-04-13T20:27:55 IST" name="afterSuite" finished-at="2025-04-13T20:27:55 IST" duration-ms="0" status="PASS">
          <reporter-output>
          </reporter-output>
        </test-method> <!-- afterSuite -->
      </class> <!-- com.lambdaTestHackathon.TestCases.LoginPageTest -->
    </test> <!-- Test -->
  </suite> <!-- ParallelSuite -->
</testng-results>
